  PlantsVsZombies.cpp
C:\Users\Remot\PlantsVsZombiesHacker\Src\Code\PlantsVsZombiesFunc\PlantsVsZombies.cpp(370,9): warning C4838: 从“int”转换到“CHAR”需要收缩转换
C:\Users\Remot\PlantsVsZombiesHacker\Src\Code\PlantsVsZombiesFunc\PlantsVsZombies.cpp(370,9): warning C4309: “初始化”: 截断常量值
C:\Users\Remot\PlantsVsZombiesHacker\Src\Code\PlantsVsZombiesFunc\PlantsVsZombies.cpp(371,9): warning C4838: 从“int”转换到“CHAR”需要收缩转换
C:\Users\Remot\PlantsVsZombiesHacker\Src\Code\PlantsVsZombiesFunc\PlantsVsZombies.cpp(371,9): warning C4309: “初始化”: 截断常量值
C:\Users\Remot\PlantsVsZombiesHacker\Src\Code\PlantsVsZombiesFunc\PlantsVsZombies.cpp(371,14): warning C4838: 从“int”转换到“CHAR”需要收缩转换
C:\Users\Remot\PlantsVsZombiesHacker\Src\Code\PlantsVsZombiesFunc\PlantsVsZombies.cpp(371,14): warning C4309: “初始化”: 截断常量值
C:\Users\Remot\PlantsVsZombiesHacker\Src\Code\PlantsVsZombiesFunc\PlantsVsZombies.cpp(372,14): warning C4838: 从“int”转换到“CHAR”需要收缩转换
C:\Users\Remot\PlantsVsZombiesHacker\Src\Code\PlantsVsZombiesFunc\PlantsVsZombies.cpp(372,14): warning C4309: “初始化”: 截断常量值
C:\Users\Remot\PlantsVsZombiesHacker\Src\Code\PlantsVsZombiesFunc\PlantsVsZombies.cpp(373,14): warning C4838: 从“UINT8”转换到“CHAR”需要收缩转换
C:\Users\Remot\PlantsVsZombiesHacker\Src\Code\PlantsVsZombiesFunc\PlantsVsZombies.cpp(374,9): warning C4838: 从“int”转换到“CHAR”需要收缩转换
C:\Users\Remot\PlantsVsZombiesHacker\Src\Code\PlantsVsZombiesFunc\PlantsVsZombies.cpp(374,9): warning C4309: “初始化”: 截断常量值
C:\Users\Remot\PlantsVsZombiesHacker\Src\Code\PlantsVsZombiesFunc\PlantsVsZombies.cpp(374,14): warning C4838: 从“UINT8”转换到“CHAR”需要收缩转换
C:\Users\Remot\PlantsVsZombiesHacker\Src\Code\PlantsVsZombiesFunc\PlantsVsZombies.cpp(375,14): warning C4838: 从“UINT8”转换到“CHAR”需要收缩转换
C:\Users\Remot\PlantsVsZombiesHacker\Src\Code\PlantsVsZombiesFunc\PlantsVsZombies.cpp(377,9): warning C4838: 从“int”转换到“CHAR”需要收缩转换
C:\Users\Remot\PlantsVsZombiesHacker\Src\Code\PlantsVsZombiesFunc\PlantsVsZombies.cpp(377,9): warning C4309: “初始化”: 截断常量值
C:\Users\Remot\PlantsVsZombiesHacker\Src\Code\PlantsVsZombiesFunc\PlantsVsZombies.cpp(377,14): warning C4838: 从“BYTE”转换到“CHAR”需要收缩转换
C:\Users\Remot\PlantsVsZombiesHacker\Src\Code\PlantsVsZombiesFunc\PlantsVsZombies.cpp(377,18): warning C4838: 从“BYTE”转换到“CHAR”需要收缩转换
C:\Users\Remot\PlantsVsZombiesHacker\Src\Code\PlantsVsZombiesFunc\PlantsVsZombies.cpp(377,22): warning C4838: 从“BYTE”转换到“CHAR”需要收缩转换
C:\Users\Remot\PlantsVsZombiesHacker\Src\Code\PlantsVsZombiesFunc\PlantsVsZombies.cpp(377,26): warning C4838: 从“BYTE”转换到“CHAR”需要收缩转换
C:\Users\Remot\PlantsVsZombiesHacker\Src\Code\PlantsVsZombiesFunc\PlantsVsZombies.cpp(379,9): warning C4838: 从“int”转换到“CHAR”需要收缩转换
C:\Users\Remot\PlantsVsZombiesHacker\Src\Code\PlantsVsZombiesFunc\PlantsVsZombies.cpp(379,9): warning C4309: “初始化”: 截断常量值
C:\Users\Remot\PlantsVsZombiesHacker\Src\Code\PlantsVsZombiesFunc\PlantsVsZombies.cpp(400,9): warning C4838: 从“int”转换到“CHAR”需要收缩转换
C:\Users\Remot\PlantsVsZombiesHacker\Src\Code\PlantsVsZombiesFunc\PlantsVsZombies.cpp(400,9): warning C4309: “初始化”: 截断常量值
C:\Users\Remot\PlantsVsZombiesHacker\Src\Code\PlantsVsZombiesFunc\PlantsVsZombies.cpp(401,9): warning C4838: 从“int”转换到“CHAR”需要收缩转换
C:\Users\Remot\PlantsVsZombiesHacker\Src\Code\PlantsVsZombiesFunc\PlantsVsZombies.cpp(401,9): warning C4309: “初始化”: 截断常量值
C:\Users\Remot\PlantsVsZombiesHacker\Src\Code\PlantsVsZombiesFunc\PlantsVsZombies.cpp(401,14): warning C4838: 从“int”转换到“CHAR”需要收缩转换
C:\Users\Remot\PlantsVsZombiesHacker\Src\Code\PlantsVsZombiesFunc\PlantsVsZombies.cpp(401,14): warning C4309: “初始化”: 截断常量值
C:\Users\Remot\PlantsVsZombiesHacker\Src\Code\PlantsVsZombiesFunc\PlantsVsZombies.cpp(402,9): warning C4838: 从“int”转换到“CHAR”需要收缩转换
C:\Users\Remot\PlantsVsZombiesHacker\Src\Code\PlantsVsZombiesFunc\PlantsVsZombies.cpp(402,9): warning C4309: “初始化”: 截断常量值
C:\Users\Remot\PlantsVsZombiesHacker\Src\Code\PlantsVsZombiesFunc\PlantsVsZombies.cpp(402,14): warning C4838: 从“int”转换到“CHAR”需要收缩转换
C:\Users\Remot\PlantsVsZombiesHacker\Src\Code\PlantsVsZombiesFunc\PlantsVsZombies.cpp(402,14): warning C4309: “初始化”: 截断常量值
C:\Users\Remot\PlantsVsZombiesHacker\Src\Code\PlantsVsZombiesFunc\PlantsVsZombies.cpp(403,14): warning C4838: 从“UINT8”转换到“CHAR”需要收缩转换
C:\Users\Remot\PlantsVsZombiesHacker\Src\Code\PlantsVsZombiesFunc\PlantsVsZombies.cpp(404,14): warning C4838: 从“UINT8”转换到“CHAR”需要收缩转换
C:\Users\Remot\PlantsVsZombiesHacker\Src\Code\PlantsVsZombiesFunc\PlantsVsZombies.cpp(405,9): warning C4838: 从“int”转换到“CHAR”需要收缩转换
C:\Users\Remot\PlantsVsZombiesHacker\Src\Code\PlantsVsZombiesFunc\PlantsVsZombies.cpp(405,9): warning C4309: “初始化”: 截断常量值
C:\Users\Remot\PlantsVsZombiesHacker\Src\Code\PlantsVsZombiesFunc\PlantsVsZombies.cpp(405,14): warning C4838: 从“UINT8”转换到“CHAR”需要收缩转换
C:\Users\Remot\PlantsVsZombiesHacker\Src\Code\PlantsVsZombiesFunc\PlantsVsZombies.cpp(406,9): warning C4838: 从“int”转换到“CHAR”需要收缩转换
C:\Users\Remot\PlantsVsZombiesHacker\Src\Code\PlantsVsZombiesFunc\PlantsVsZombies.cpp(406,9): warning C4309: “初始化”: 截断常量值
C:\Users\Remot\PlantsVsZombiesHacker\Src\Code\PlantsVsZombiesFunc\PlantsVsZombies.cpp(406,14): warning C4838: 从“int”转换到“CHAR”需要收缩转换
C:\Users\Remot\PlantsVsZombiesHacker\Src\Code\PlantsVsZombiesFunc\PlantsVsZombies.cpp(406,14): warning C4309: “初始化”: 截断常量值
C:\Users\Remot\PlantsVsZombiesHacker\Src\Code\PlantsVsZombiesFunc\PlantsVsZombies.cpp(407,9): warning C4838: 从“int”转换到“CHAR”需要收缩转换
C:\Users\Remot\PlantsVsZombiesHacker\Src\Code\PlantsVsZombiesFunc\PlantsVsZombies.cpp(407,9): warning C4309: “初始化”: 截断常量值
C:\Users\Remot\PlantsVsZombiesHacker\Src\Code\PlantsVsZombiesFunc\PlantsVsZombies.cpp(407,14): warning C4838: 从“BYTE”转换到“CHAR”需要收缩转换
C:\Users\Remot\PlantsVsZombiesHacker\Src\Code\PlantsVsZombiesFunc\PlantsVsZombies.cpp(407,18): warning C4838: 从“BYTE”转换到“CHAR”需要收缩转换
C:\Users\Remot\PlantsVsZombiesHacker\Src\Code\PlantsVsZombiesFunc\PlantsVsZombies.cpp(407,22): warning C4838: 从“BYTE”转换到“CHAR”需要收缩转换
C:\Users\Remot\PlantsVsZombiesHacker\Src\Code\PlantsVsZombiesFunc\PlantsVsZombies.cpp(407,26): warning C4838: 从“BYTE”转换到“CHAR”需要收缩转换
C:\Users\Remot\PlantsVsZombiesHacker\Src\Code\PlantsVsZombiesFunc\PlantsVsZombies.cpp(409,9): warning C4838: 从“int”转换到“CHAR”需要收缩转换
C:\Users\Remot\PlantsVsZombiesHacker\Src\Code\PlantsVsZombiesFunc\PlantsVsZombies.cpp(409,9): warning C4309: “初始化”: 截断常量值
  正在生成代码
  3 of 26 functions (11.5%) were compiled, the rest were copied from previous compilation.
    0 functions were new in current compilation
    1 functions had inline decision re-evaluated but remain unchanged
  已完成代码的生成
  PlantsVsZombiesFunc.vcxproj -> C:\Users\Remot\PlantsVsZombiesHacker\Src\Code\PlantsVsZombiesFunc\Release\PlantsVsZombiesFunc.dll
